Analysis & Synthesis report for lavadora
Thu Oct 24 16:45:34 2024
Quartus II 64-Bit Version 13.1.0 Build 162 10/23/2013 SJ Web Edition


---------------------
; Table of Contents ;
---------------------
  1. Legal Notice
  2. Analysis & Synthesis Summary
  3. Analysis & Synthesis Settings
  4. Parallel Compilation
  5. Analysis & Synthesis Source Files Read
  6. Analysis & Synthesis Resource Usage Summary
  7. Analysis & Synthesis Resource Utilization by Entity
  8. State Machine - |lavadora|load:U6|estando_actual
  9. Registers Removed During Synthesis
 10. Removed Registers Triggering Further Register Optimizations
 11. General Register Statistics
 12. Port Connectivity Checks: "divisorfrecuencia:U7"
 13. Port Connectivity Checks: "load:U6"
 14. Port Connectivity Checks: "bloque1:U3|separador:u_s"
 15. Port Connectivity Checks: "bloque1:U3|divisorfrecuencia:u_d"
 16. Port Connectivity Checks: "bloque1:U3"
 17. Elapsed Time Per Partition
 18. Analysis & Synthesis Messages



----------------
; Legal Notice ;
----------------
Copyright (C) 1991-2013 Altera Corporation
Your use of Altera Corporation's design tools, logic functions 
and other software and tools, and its AMPP partner logic 
functions, and any output files from any of the foregoing 
(including device programming or simulation files), and any 
associated documentation or information are expressly subject 
to the terms and conditions of the Altera Program License 
Subscription Agreement, Altera MegaCore Function License 
Agreement, or other applicable license agreement, including, 
without limitation, that your use is for the sole purpose of 
programming logic devices manufactured by Altera and sold by 
Altera or its authorized distributors.  Please refer to the 
applicable agreement for further details.



+---------------------------------------------------------------------------------+
; Analysis & Synthesis Summary                                                    ;
+------------------------------------+--------------------------------------------+
; Analysis & Synthesis Status        ; Successful - Thu Oct 24 16:45:33 2024      ;
; Quartus II 64-Bit Version          ; 13.1.0 Build 162 10/23/2013 SJ Web Edition ;
; Revision Name                      ; lavadora                                   ;
; Top-level Entity Name              ; lavadora                                   ;
; Family                             ; Cyclone III                                ;
; Total logic elements               ; 1                                          ;
;     Total combinational functions  ; 1                                          ;
;     Dedicated logic registers      ; 0                                          ;
; Total registers                    ; 0                                          ;
; Total pins                         ; 37                                         ;
; Total virtual pins                 ; 0                                          ;
; Total memory bits                  ; 0                                          ;
; Embedded Multiplier 9-bit elements ; 0                                          ;
; Total PLLs                         ; 0                                          ;
+------------------------------------+--------------------------------------------+


+----------------------------------------------------------------------------------------------------------------------+
; Analysis & Synthesis Settings                                                                                        ;
+----------------------------------------------------------------------------+--------------------+--------------------+
; Option                                                                     ; Setting            ; Default Value      ;
+----------------------------------------------------------------------------+--------------------+--------------------+
; Device                                                                     ; EP3C16F484C6       ;                    ;
; Top-level entity name                                                      ; lavadora           ; lavadora           ;
; Family name                                                                ; Cyclone III        ; Cyclone IV GX      ;
; Use smart compilation                                                      ; Off                ; Off                ;
; Enable parallel Assembler and TimeQuest Timing Analyzer during compilation ; On                 ; On                 ;
; Enable compact report table                                                ; Off                ; Off                ;
; Restructure Multiplexers                                                   ; Auto               ; Auto               ;
; Create Debugging Nodes for IP Cores                                        ; Off                ; Off                ;
; Preserve fewer node names                                                  ; On                 ; On                 ;
; Disable OpenCore Plus hardware evaluation                                  ; Off                ; Off                ;
; Verilog Version                                                            ; Verilog_2001       ; Verilog_2001       ;
; VHDL Version                                                               ; VHDL_1993          ; VHDL_1993          ;
; State Machine Processing                                                   ; Auto               ; Auto               ;
; Safe State Machine                                                         ; Off                ; Off                ;
; Extract Verilog State Machines                                             ; On                 ; On                 ;
; Extract VHDL State Machines                                                ; On                 ; On                 ;
; Ignore Verilog initial constructs                                          ; Off                ; Off                ;
; Iteration limit for constant Verilog loops                                 ; 5000               ; 5000               ;
; Iteration limit for non-constant Verilog loops                             ; 250                ; 250                ;
; Add Pass-Through Logic to Inferred RAMs                                    ; On                 ; On                 ;
; Infer RAMs from Raw Logic                                                  ; On                 ; On                 ;
; Parallel Synthesis                                                         ; On                 ; On                 ;
; DSP Block Balancing                                                        ; Auto               ; Auto               ;
; NOT Gate Push-Back                                                         ; On                 ; On                 ;
; Power-Up Don't Care                                                        ; On                 ; On                 ;
; Remove Redundant Logic Cells                                               ; Off                ; Off                ;
; Remove Duplicate Registers                                                 ; On                 ; On                 ;
; Ignore CARRY Buffers                                                       ; Off                ; Off                ;
; Ignore CASCADE Buffers                                                     ; Off                ; Off                ;
; Ignore GLOBAL Buffers                                                      ; Off                ; Off                ;
; Ignore ROW GLOBAL Buffers                                                  ; Off                ; Off                ;
; Ignore LCELL Buffers                                                       ; Off                ; Off                ;
; Ignore SOFT Buffers                                                        ; On                 ; On                 ;
; Limit AHDL Integers to 32 Bits                                             ; Off                ; Off                ;
; Optimization Technique                                                     ; Balanced           ; Balanced           ;
; Carry Chain Length                                                         ; 70                 ; 70                 ;
; Auto Carry Chains                                                          ; On                 ; On                 ;
; Auto Open-Drain Pins                                                       ; On                 ; On                 ;
; Perform WYSIWYG Primitive Resynthesis                                      ; Off                ; Off                ;
; Auto ROM Replacement                                                       ; On                 ; On                 ;
; Auto RAM Replacement                                                       ; On                 ; On                 ;
; Auto DSP Block Replacement                                                 ; On                 ; On                 ;
; Auto Shift Register Replacement                                            ; Auto               ; Auto               ;
; Allow Shift Register Merging across Hierarchies                            ; Auto               ; Auto               ;
; Auto Clock Enable Replacement                                              ; On                 ; On                 ;
; Strict RAM Replacement                                                     ; Off                ; Off                ;
; Allow Synchronous Control Signals                                          ; On                 ; On                 ;
; Force Use of Synchronous Clear Signals                                     ; Off                ; Off                ;
; Auto RAM Block Balancing                                                   ; On                 ; On                 ;
; Auto RAM to Logic Cell Conversion                                          ; Off                ; Off                ;
; Auto Resource Sharing                                                      ; Off                ; Off                ;
; Allow Any RAM Size For Recognition                                         ; Off                ; Off                ;
; Allow Any ROM Size For Recognition                                         ; Off                ; Off                ;
; Allow Any Shift Register Size For Recognition                              ; Off                ; Off                ;
; Use LogicLock Constraints during Resource Balancing                        ; On                 ; On                 ;
; Ignore translate_off and synthesis_off directives                          ; Off                ; Off                ;
; Timing-Driven Synthesis                                                    ; On                 ; On                 ;
; Report Parameter Settings                                                  ; On                 ; On                 ;
; Report Source Assignments                                                  ; On                 ; On                 ;
; Report Connectivity Checks                                                 ; On                 ; On                 ;
; Ignore Maximum Fan-Out Assignments                                         ; Off                ; Off                ;
; Synchronization Register Chain Length                                      ; 2                  ; 2                  ;
; PowerPlay Power Optimization                                               ; Normal compilation ; Normal compilation ;
; HDL message level                                                          ; Level2             ; Level2             ;
; Suppress Register Optimization Related Messages                            ; Off                ; Off                ;
; Number of Removed Registers Reported in Synthesis Report                   ; 5000               ; 5000               ;
; Number of Swept Nodes Reported in Synthesis Report                         ; 5000               ; 5000               ;
; Number of Inverted Registers Reported in Synthesis Report                  ; 100                ; 100                ;
; Clock MUX Protection                                                       ; On                 ; On                 ;
; Auto Gated Clock Conversion                                                ; Off                ; Off                ;
; Block Design Naming                                                        ; Auto               ; Auto               ;
; SDC constraint protection                                                  ; Off                ; Off                ;
; Synthesis Effort                                                           ; Auto               ; Auto               ;
; Shift Register Replacement - Allow Asynchronous Clear Signal               ; On                 ; On                 ;
; Pre-Mapping Resynthesis Optimization                                       ; Off                ; Off                ;
; Analysis & Synthesis Message Level                                         ; Medium             ; Medium             ;
; Disable Register Merging Across Hierarchies                                ; Auto               ; Auto               ;
; Resource Aware Inference For Block RAM                                     ; On                 ; On                 ;
; Synthesis Seed                                                             ; 1                  ; 1                  ;
+----------------------------------------------------------------------------+--------------------+--------------------+


Parallel compilation was disabled, but you have multiple processors available. Enable parallel compilation to reduce compilation time.
+-------------------------------------+
; Parallel Compilation                ;
+----------------------------+--------+
; Processors                 ; Number ;
+----------------------------+--------+
; Number detected on machine ; 2      ;
; Maximum allowed            ; 1      ;
+----------------------------+--------+


+-------------------------------------------------------------------------------------------------------------------------------------------------------------------------------+
; Analysis & Synthesis Source Files Read                                                                                                                                        ;
+-----------------------------------------------+-----------------+-----------------+---------------------------------------------------------------------------------+---------+
; File Name with User-Entered Path              ; Used in Netlist ; File Type       ; File Name with Absolute Path                                                    ; Library ;
+-----------------------------------------------+-----------------+-----------------+---------------------------------------------------------------------------------+---------+
; ../../ciclo_oper/ciclo_oper.vhd               ; yes             ; User VHDL File  ; C:/Users/alizz/OneDrive/Documentos/VHDL/ciclo_oper/ciclo_oper.vhd               ;         ;
; ../../ciclo_operacion/ciclo_operacion.vhd     ; yes             ; User VHDL File  ; C:/Users/alizz/OneDrive/Documentos/VHDL/ciclo_operacion/ciclo_operacion.vhd     ;         ;
; ../../load/load.vhd                           ; yes             ; User VHDL File  ; C:/Users/alizz/OneDrive/Documentos/VHDL/load/load.vhd                           ;         ;
; ../decobcdvelocidad.vhd                       ; yes             ; User VHDL File  ; C:/Users/alizz/OneDrive/Documentos/VHDL/lavadora/decobcdvelocidad.vhd           ;         ;
; ../../contador_lavadora/contador_lavadora.vhd ; yes             ; User VHDL File  ; C:/Users/alizz/OneDrive/Documentos/VHDL/contador_lavadora/contador_lavadora.vhd ;         ;
; ../separador.vhd                              ; yes             ; User VHDL File  ; C:/Users/alizz/OneDrive/Documentos/VHDL/lavadora/separador.vhd                  ;         ;
; ../divisorfrecuencia.vhd                      ; yes             ; User VHDL File  ; C:/Users/alizz/OneDrive/Documentos/VHDL/lavadora/divisorfrecuencia.vhd          ;         ;
; ../../bloque1/bloque1.vhd                     ; yes             ; User VHDL File  ; C:/Users/alizz/OneDrive/Documentos/VHDL/bloque1/bloque1.vhd                     ;         ;
; ../../encendido/encendido.vhd                 ; yes             ; User VHDL File  ; C:/Users/alizz/OneDrive/Documentos/VHDL/encendido/encendido.vhd                 ;         ;
; ../decobcda7segmentos.vhd                     ; yes             ; User VHDL File  ; C:/Users/alizz/OneDrive/Documentos/VHDL/lavadora/decobcda7segmentos.vhd         ;         ;
; lavadora.vhd                                  ; yes             ; User VHDL File  ; C:/Users/alizz/OneDrive/Documentos/VHDL/lavadora/lavadora/lavadora.vhd          ;         ;
+-----------------------------------------------+-----------------+-----------------+---------------------------------------------------------------------------------+---------+


+-------------------------------------------------------------------+
; Analysis & Synthesis Resource Usage Summary                       ;
+---------------------------------------------+---------------------+
; Resource                                    ; Usage               ;
+---------------------------------------------+---------------------+
; Estimated Total logic elements              ; 1                   ;
;                                             ;                     ;
; Total combinational functions               ; 1                   ;
; Logic element usage by number of LUT inputs ;                     ;
;     -- 4 input functions                    ; 0                   ;
;     -- 3 input functions                    ; 1                   ;
;     -- <=2 input functions                  ; 0                   ;
;                                             ;                     ;
; Logic elements by mode                      ;                     ;
;     -- normal mode                          ; 1                   ;
;     -- arithmetic mode                      ; 0                   ;
;                                             ;                     ;
; Total registers                             ; 0                   ;
;     -- Dedicated logic registers            ; 0                   ;
;     -- I/O registers                        ; 0                   ;
;                                             ;                     ;
; I/O pins                                    ; 37                  ;
; Embedded Multiplier 9-bit elements          ; 0                   ;
; Maximum fan-out node                        ; encendido:U0|Mux0~0 ;
; Maximum fan-out                             ; 1                   ;
; Total fan-out                               ; 41                  ;
; Average fan-out                             ; 0.55                ;
+---------------------------------------------+---------------------+


+--------------------------------------------------------------------------------------------------------------------------------------------------------------------------------+
; Analysis & Synthesis Resource Utilization by Entity                                                                                                                            ;
+----------------------------+-------------------+--------------+-------------+--------------+---------+-----------+------+--------------+------------------------+--------------+
; Compilation Hierarchy Node ; LC Combinationals ; LC Registers ; Memory Bits ; DSP Elements ; DSP 9x9 ; DSP 18x18 ; Pins ; Virtual Pins ; Full Hierarchy Name    ; Library Name ;
+----------------------------+-------------------+--------------+-------------+--------------+---------+-----------+------+--------------+------------------------+--------------+
; |lavadora                  ; 1 (0)             ; 0 (0)        ; 0           ; 0            ; 0       ; 0         ; 37   ; 0            ; |lavadora              ; work         ;
;    |encendido:U0|          ; 1 (1)             ; 0 (0)        ; 0           ; 0            ; 0       ; 0         ; 0    ; 0            ; |lavadora|encendido:U0 ; work         ;
+----------------------------+-------------------+--------------+-------------+--------------+---------+-----------+------+--------------+------------------------+--------------+
Note: For table entries with two numbers listed, the numbers in parentheses indicate the number of resources of the given type used by the specific entity alone. The numbers listed outside of parentheses indicate the total resources of the given type used by the specific entity and all of its sub-entities in the hierarchy.


Encoding Type:  One-Hot
+--------------------------------------------------------------------------------------------------------------------------+
; State Machine - |lavadora|load:U6|estando_actual                                                                         ;
+--------------------------+--------------------+--------------------------+-------------------------+---------------------+
; Name                     ; estando_actual.FIN ; estando_actual.PULSE_OFF ; estando_actual.PULSE_ON ; estando_actual.IDLE ;
+--------------------------+--------------------+--------------------------+-------------------------+---------------------+
; estando_actual.IDLE      ; 0                  ; 0                        ; 0                       ; 0                   ;
; estando_actual.PULSE_ON  ; 0                  ; 0                        ; 1                       ; 1                   ;
; estando_actual.PULSE_OFF ; 0                  ; 1                        ; 0                       ; 1                   ;
; estando_actual.FIN       ; 1                  ; 0                        ; 0                       ; 1                   ;
+--------------------------+--------------------+--------------------------+-------------------------+---------------------+


+---------------------------------------------------------------------------------------------------+
; Registers Removed During Synthesis                                                                ;
+-----------------------------------------------------+---------------------------------------------+
; Register name                                       ; Reason for Removal                          ;
+-----------------------------------------------------+---------------------------------------------+
; bloque1:U3|contador_lavadora:u_c|proceso_habilitado ; Stuck at GND due to stuck port clock_enable ;
; bloque1:U3|contador_lavadora:u_c|cnt[0..6]          ; Stuck at GND due to stuck port clock_enable ;
; ciclo_oper:U2|fin[0..3]                             ; Stuck at GND due to stuck port clock        ;
; bloque1:U3|divisorfrecuencia:u_d|count1[0..20]      ; Lost fanout                                 ;
; bloque1:U3|divisorfrecuencia:u_d|out1               ; Lost fanout                                 ;
; bloque1:U3|divisorfrecuencia:u_d|count1[21..24]     ; Lost fanout                                 ;
; load:U6|estando_actual.PULSE_OFF                    ; Lost fanout                                 ;
; load:U6|estando_actual.FIN                          ; Lost fanout                                 ;
; load:U6|counter[0..31]                              ; Lost fanout                                 ;
; load:U6|estando_actual.IDLE                         ; Lost fanout                                 ;
; load:U6|estando_actual.PULSE_ON                     ; Lost fanout                                 ;
; Total Number of Removed Registers = 74              ;                                             ;
+-----------------------------------------------------+---------------------------------------------+


+-------------------------------------------------------------------------------------------------------------------------------------------------------------------------------+
; Removed Registers Triggering Further Register Optimizations                                                                                                                   ;
+-----------------------------------------------------+--------------------------------+----------------------------------------------------------------------------------------+
; Register name                                       ; Reason for Removal             ; Registers Removed due to This Register                                                 ;
+-----------------------------------------------------+--------------------------------+----------------------------------------------------------------------------------------+
; bloque1:U3|divisorfrecuencia:u_d|count1[20]         ; Lost Fanouts                   ; bloque1:U3|divisorfrecuencia:u_d|count1[19],                                           ;
;                                                     ;                                ; bloque1:U3|divisorfrecuencia:u_d|count1[18],                                           ;
;                                                     ;                                ; bloque1:U3|divisorfrecuencia:u_d|count1[17],                                           ;
;                                                     ;                                ; bloque1:U3|divisorfrecuencia:u_d|count1[16],                                           ;
;                                                     ;                                ; bloque1:U3|divisorfrecuencia:u_d|count1[15],                                           ;
;                                                     ;                                ; bloque1:U3|divisorfrecuencia:u_d|count1[14],                                           ;
;                                                     ;                                ; bloque1:U3|divisorfrecuencia:u_d|count1[13],                                           ;
;                                                     ;                                ; bloque1:U3|divisorfrecuencia:u_d|count1[12],                                           ;
;                                                     ;                                ; bloque1:U3|divisorfrecuencia:u_d|count1[11],                                           ;
;                                                     ;                                ; bloque1:U3|divisorfrecuencia:u_d|count1[10],                                           ;
;                                                     ;                                ; bloque1:U3|divisorfrecuencia:u_d|count1[9],                                            ;
;                                                     ;                                ; bloque1:U3|divisorfrecuencia:u_d|count1[8],                                            ;
;                                                     ;                                ; bloque1:U3|divisorfrecuencia:u_d|count1[7],                                            ;
;                                                     ;                                ; bloque1:U3|divisorfrecuencia:u_d|count1[6],                                            ;
;                                                     ;                                ; bloque1:U3|divisorfrecuencia:u_d|count1[5],                                            ;
;                                                     ;                                ; bloque1:U3|divisorfrecuencia:u_d|count1[4],                                            ;
;                                                     ;                                ; bloque1:U3|divisorfrecuencia:u_d|count1[3],                                            ;
;                                                     ;                                ; bloque1:U3|divisorfrecuencia:u_d|count1[2],                                            ;
;                                                     ;                                ; bloque1:U3|divisorfrecuencia:u_d|count1[1],                                            ;
;                                                     ;                                ; bloque1:U3|divisorfrecuencia:u_d|count1[0],                                            ;
;                                                     ;                                ; bloque1:U3|divisorfrecuencia:u_d|count1[21],                                           ;
;                                                     ;                                ; bloque1:U3|divisorfrecuencia:u_d|count1[22],                                           ;
;                                                     ;                                ; bloque1:U3|divisorfrecuencia:u_d|count1[23]                                            ;
; bloque1:U3|contador_lavadora:u_c|proceso_habilitado ; Stuck at GND                   ; ciclo_oper:U2|fin[0], ciclo_oper:U2|fin[1], ciclo_oper:U2|fin[2], ciclo_oper:U2|fin[3] ;
;                                                     ; due to stuck port clock_enable ;                                                                                        ;
; load:U6|estando_actual.PULSE_OFF                    ; Lost Fanouts                   ; load:U6|counter[31], load:U6|counter[30], load:U6|counter[29],                         ;
;                                                     ;                                ; load:U6|estando_actual.PULSE_ON                                                        ;
; bloque1:U3|divisorfrecuencia:u_d|out1               ; Lost Fanouts                   ; bloque1:U3|divisorfrecuencia:u_d|count1[24]                                            ;
; load:U6|estando_actual.FIN                          ; Lost Fanouts                   ; load:U6|estando_actual.IDLE                                                            ;
+-----------------------------------------------------+--------------------------------+----------------------------------------------------------------------------------------+


+------------------------------------------------------+
; General Register Statistics                          ;
+----------------------------------------------+-------+
; Statistic                                    ; Value ;
+----------------------------------------------+-------+
; Total registers                              ; 0     ;
; Number of registers using Synchronous Clear  ; 0     ;
; Number of registers using Synchronous Load   ; 0     ;
; Number of registers using Asynchronous Clear ; 0     ;
; Number of registers using Asynchronous Load  ; 0     ;
; Number of registers using Clock Enable       ; 0     ;
; Number of registers using Preset             ; 0     ;
+----------------------------------------------+-------+


+----------------------------------------------------------------------------------------------------------------+
; Port Connectivity Checks: "divisorfrecuencia:U7"                                                               ;
+------+--------+----------+-------------------------------------------------------------------------------------+
; Port ; Type   ; Severity ; Details                                                                             ;
+------+--------+----------+-------------------------------------------------------------------------------------+
; out1 ; Output ; Info     ; Connected to dangling logic. Logic that only feeds a dangling port will be removed. ;
; out2 ; Output ; Info     ; Connected to dangling logic. Logic that only feeds a dangling port will be removed. ;
+------+--------+----------+-------------------------------------------------------------------------------------+


+-----------------------------------------+
; Port Connectivity Checks: "load:U6"     ;
+-------+-------+----------+--------------+
; Port  ; Type  ; Severity ; Details      ;
+-------+-------+----------+--------------+
; reset ; Input ; Info     ; Stuck at GND ;
+-------+-------+----------+--------------+


+--------------------------------------------------------------------------------------------------------------------------+
; Port Connectivity Checks: "bloque1:U3|separador:u_s"                                                                     ;
+----------------+--------+----------+-------------------------------------------------------------------------------------+
; Port           ; Type   ; Severity ; Details                                                                             ;
+----------------+--------+----------+-------------------------------------------------------------------------------------+
; unidades[6..4] ; Output ; Info     ; Connected to dangling logic. Logic that only feeds a dangling port will be removed. ;
; decenas[6..4]  ; Output ; Info     ; Connected to dangling logic. Logic that only feeds a dangling port will be removed. ;
+----------------+--------+----------+-------------------------------------------------------------------------------------+


+----------------------------------------------------------------------------------------------------------------+
; Port Connectivity Checks: "bloque1:U3|divisorfrecuencia:u_d"                                                   ;
+------+--------+----------+-------------------------------------------------------------------------------------+
; Port ; Type   ; Severity ; Details                                                                             ;
+------+--------+----------+-------------------------------------------------------------------------------------+
; out2 ; Output ; Info     ; Connected to dangling logic. Logic that only feeds a dangling port will be removed. ;
+------+--------+----------+-------------------------------------------------------------------------------------+


+-----------------------------------------+
; Port Connectivity Checks: "bloque1:U3"  ;
+-------+-------+----------+--------------+
; Port  ; Type  ; Severity ; Details      ;
+-------+-------+----------+--------------+
; reset ; Input ; Info     ; Stuck at VCC ;
+-------+-------+----------+--------------+


+-------------------------------+
; Elapsed Time Per Partition    ;
+----------------+--------------+
; Partition Name ; Elapsed Time ;
+----------------+--------------+
; Top            ; 00:00:01     ;
+----------------+--------------+


+-------------------------------+
; Analysis & Synthesis Messages ;
+-------------------------------+
Info: *******************************************************************
Info: Running Quartus II 64-Bit Analysis & Synthesis
    Info: Version 13.1.0 Build 162 10/23/2013 SJ Web Edition
    Info: Processing started: Thu Oct 24 16:45:28 2024
Info: Command: quartus_map --read_settings_files=on --write_settings_files=off lavadora -c lavadora
Warning (20028): Parallel compilation is not licensed and has been disabled
Info (12021): Found 2 design units, including 1 entities, in source file /users/alizz/onedrive/documentos/vhdl/ciclo_oper/ciclo_oper.vhd
    Info (12022): Found design unit 1: ciclo_oper-arch_ciclo_oper
    Info (12023): Found entity 1: ciclo_oper
Info (12021): Found 2 design units, including 1 entities, in source file /users/alizz/onedrive/documentos/vhdl/ciclo_operacion/ciclo_operacion.vhd
    Info (12022): Found design unit 1: ciclo_operacion-arch_ciclo_operacion
    Info (12023): Found entity 1: ciclo_operacion
Info (12021): Found 2 design units, including 1 entities, in source file /users/alizz/onedrive/documentos/vhdl/load/load.vhd
    Info (12022): Found design unit 1: load-arch
    Info (12023): Found entity 1: load
Info (12021): Found 2 design units, including 1 entities, in source file /users/alizz/onedrive/documentos/vhdl/lavadora/decobcdvelocidad.vhd
    Info (12022): Found design unit 1: decobcdvelocidad-arch_decobcdvelocidad
    Info (12023): Found entity 1: decobcdvelocidad
Info (12021): Found 2 design units, including 1 entities, in source file /users/alizz/onedrive/documentos/vhdl/contador_lavadora/contador_lavadora.vhd
    Info (12022): Found design unit 1: contador_lavadora-arch1
    Info (12023): Found entity 1: contador_lavadora
Info (12021): Found 2 design units, including 1 entities, in source file /users/alizz/onedrive/documentos/vhdl/lavadora/separador.vhd
    Info (12022): Found design unit 1: separador-arch_separador
    Info (12023): Found entity 1: separador
Info (12021): Found 2 design units, including 1 entities, in source file /users/alizz/onedrive/documentos/vhdl/lavadora/divisorfrecuencia.vhd
    Info (12022): Found design unit 1: divisorfrecuencia-arch_divisorfrecuencia
    Info (12023): Found entity 1: divisorfrecuencia
Info (12021): Found 2 design units, including 1 entities, in source file /users/alizz/onedrive/documentos/vhdl/bloque1/bloque1.vhd
    Info (12022): Found design unit 1: bloque1-arch_bloque1
    Info (12023): Found entity 1: bloque1
Info (12021): Found 2 design units, including 1 entities, in source file /users/alizz/onedrive/documentos/vhdl/encendido/encendido.vhd
    Info (12022): Found design unit 1: encendido-arch_encendido
    Info (12023): Found entity 1: encendido
Info (12021): Found 2 design units, including 1 entities, in source file /users/alizz/onedrive/documentos/vhdl/lavadora/decobcda7segmentos.vhd
    Info (12022): Found design unit 1: decobcda7segmentos-arch_decobcda7segmentos
    Info (12023): Found entity 1: decobcda7segmentos
Info (12021): Found 2 design units, including 1 entities, in source file lavadora.vhd
    Info (12022): Found design unit 1: lavadora-arch_lavadora
    Info (12023): Found entity 1: lavadora
Info (12127): Elaborating entity "lavadora" for the top level hierarchy
Warning (10541): VHDL Signal Declaration warning at lavadora.vhd(12): used implicit default value for signal "fin" because signal was never assigned a value or an explicit default value. Use of implicit default value may introduce unintended design optimizations.
Warning (10541): VHDL Signal Declaration warning at lavadora.vhd(12): used implicit default value for signal "leds" because signal was never assigned a value or an explicit default value. Use of implicit default value may introduce unintended design optimizations.
Warning (10036): Verilog HDL or VHDL warning at lavadora.vhd(103): object "outt" assigned a value but never read
Warning (10541): VHDL Signal Declaration warning at lavadora.vhd(105): used implicit default value for signal "enc1" because signal was never assigned a value or an explicit default value. Use of implicit default value may introduce unintended design optimizations.
Info (12128): Elaborating entity "encendido" for hierarchy "encendido:U0"
Warning (10492): VHDL Process Statement warning at encendido.vhd(15): signal "enc" is read inside the Process Statement but isn't in the Process Statement's sensitivity list
Info (12128): Elaborating entity "ciclo_oper" for hierarchy "ciclo_oper:U2"
Info (12128): Elaborating entity "decobcdvelocidad" for hierarchy "decobcdvelocidad:U4"
Info (12128): Elaborating entity "ciclo_operacion" for hierarchy "ciclo_operacion:U1"
Info (12128): Elaborating entity "bloque1" for hierarchy "bloque1:U3"
Warning (10036): Verilog HDL or VHDL warning at bloque1.vhd(17): object "clk" assigned a value but never read
Warning (10036): Verilog HDL or VHDL warning at bloque1.vhd(18): object "out2" assigned a value but never read
Info (12128): Elaborating entity "divisorfrecuencia" for hierarchy "bloque1:U3|divisorfrecuencia:u_d"
Info (12128): Elaborating entity "contador_lavadora" for hierarchy "bloque1:U3|contador_lavadora:u_c"
Info (12128): Elaborating entity "separador" for hierarchy "bloque1:U3|separador:u_s"
Info (12128): Elaborating entity "decobcda7segmentos" for hierarchy "bloque1:U3|decobcda7segmentos:u_deco_uni"
Info (12128): Elaborating entity "load" for hierarchy "load:U6"
Warning (13024): Output pins are stuck at VCC or GND
    Warning (13410): Pin "vaciado" is stuck at GND
    Warning (13410): Pin "tiempo_faltante1[0]" is stuck at VCC
    Warning (13410): Pin "tiempo_faltante1[1]" is stuck at GND
    Warning (13410): Pin "tiempo_faltante1[2]" is stuck at GND
    Warning (13410): Pin "tiempo_faltante1[3]" is stuck at GND
    Warning (13410): Pin "tiempo_faltante1[4]" is stuck at GND
    Warning (13410): Pin "tiempo_faltante1[5]" is stuck at GND
    Warning (13410): Pin "tiempo_faltante1[6]" is stuck at GND
    Warning (13410): Pin "tiempo_faltante2[0]" is stuck at VCC
    Warning (13410): Pin "tiempo_faltante2[1]" is stuck at GND
    Warning (13410): Pin "tiempo_faltante2[2]" is stuck at GND
    Warning (13410): Pin "tiempo_faltante2[3]" is stuck at GND
    Warning (13410): Pin "tiempo_faltante2[4]" is stuck at GND
    Warning (13410): Pin "tiempo_faltante2[5]" is stuck at GND
    Warning (13410): Pin "tiempo_faltante2[6]" is stuck at GND
    Warning (13410): Pin "giro_bcd[0]" is stuck at VCC
    Warning (13410): Pin "giro_bcd[1]" is stuck at VCC
    Warning (13410): Pin "giro_bcd[2]" is stuck at VCC
    Warning (13410): Pin "giro_bcd[3]" is stuck at VCC
    Warning (13410): Pin "giro_bcd[4]" is stuck at VCC
    Warning (13410): Pin "giro_bcd[5]" is stuck at VCC
    Warning (13410): Pin "giro_bcd[6]" is stuck at VCC
    Warning (13410): Pin "velocidad_bcd[0]" is stuck at VCC
    Warning (13410): Pin "velocidad_bcd[1]" is stuck at VCC
    Warning (13410): Pin "velocidad_bcd[2]" is stuck at VCC
    Warning (13410): Pin "velocidad_bcd[3]" is stuck at VCC
    Warning (13410): Pin "velocidad_bcd[4]" is stuck at VCC
    Warning (13410): Pin "velocidad_bcd[5]" is stuck at VCC
    Warning (13410): Pin "velocidad_bcd[6]" is stuck at VCC
    Warning (13410): Pin "alarma" is stuck at GND
    Warning (13410): Pin "fin" is stuck at GND
    Warning (13410): Pin "leds" is stuck at GND
Info (286030): Timing-Driven Synthesis is running
Info (17049): 62 registers lost all their fanouts during netlist optimizations.
Warning (20013): Ignored assignments for entity "DE0_Default" -- entity does not exist in design
    Warning (20014): Assignment for entity set_global_assignment -name LL_ROOT_REGION ON -entity DE0_Default -section_id "Root Region" was ignored
    Warning (20014): Assignment for entity set_global_assignment -name LL_MEMBER_STATE LOCKED -entity DE0_Default -section_id "Root Region" was ignored
    Warning (20014): Assignment for entity set_global_assignment -name LL_ROUTING_REGION OFF -entity DE0_Default -section_id "Root Region" was ignored
    Warning (20014): Assignment for entity set_instance_assignment -name PARTITION_HIERARCHY root_partition -to | -entity DE0_Default -section_id Top was ignored
    Warning (20014): Assignment for entity set_global_assignment -name PARTITION_NETLIST_TYPE SOURCE -entity DE0_Default -section_id Top was ignored
    Warning (20014): Assignment for entity set_global_assignment -name PARTITION_PRESERVE_HIGH_SPEED_TILES ON -entity DE0_Default -section_id Top was ignored
    Warning (20014): Assignment for entity set_global_assignment -name PARTITION_IGNORE_SOURCE_FILE_CHANGES OFF -entity DE0_Default -section_id Top was ignored
    Warning (20014): Assignment for entity set_global_assignment -name PARTITION_ALWAYS_USE_QXP_NETLIST OFF -entity DE0_Default -section_id Top was ignored
    Warning (20014): Assignment for entity set_global_assignment -name PARTITION_COLOR 14622752 -entity DE0_Default -section_id Top was ignored
    Warning (20014): Assignment for entity set_global_assignment -name PARTITION_IMPORT_ASSIGNMENTS ON -entity DE0_Default -section_id Top was ignored
    Warning (20014): Assignment for entity set_global_assignment -name PARTITION_IMPORT_EXISTING_ASSIGNMENTS REPLACE_CONFLICTING -entity DE0_Default -section_id Top was ignored
    Warning (20014): Assignment for entity set_global_assignment -name PARTITION_IMPORT_EXISTING_LOGICLOCK_REGIONS UPDATE_CONFLICTING -entity DE0_Default -section_id Top was ignored
    Warning (20014): Assignment for entity set_global_assignment -name PARTITION_IMPORT_PIN_ASSIGNMENTS ON -entity DE0_Default -section_id Top was ignored
    Warning (20014): Assignment for entity set_global_assignment -name PARTITION_IMPORT_PROMOTE_ASSIGNMENTS ON -entity DE0_Default -section_id Top was ignored
    Warning (20014): Assignment for entity set_global_assignment -name PARTITION_TYPE STANDARD_PARTITION -entity DE0_Default -section_id Top was ignored
    Warning (20014): Assignment for entity set_global_assignment -name ALLOW_MULTIPLE_PERSONAS OFF -entity DE0_Default -section_id Top was ignored
    Warning (20014): Assignment for entity set_global_assignment -name PARTITION_ASD_REGION_ID 1 -entity DE0_Default -section_id Top was ignored
    Warning (20014): Assignment for entity set_global_assignment -name CROSS_BOUNDARY_OPTIMIZATIONS OFF -entity DE0_Default -section_id Top was ignored
    Warning (20014): Assignment for entity set_global_assignment -name PROPAGATE_CONSTANTS_ON_INPUTS ON -entity DE0_Default -section_id Top was ignored
    Warning (20014): Assignment for entity set_global_assignment -name PROPAGATE_INVERSIONS_ON_INPUTS ON -entity DE0_Default -section_id Top was ignored
    Warning (20014): Assignment for entity set_global_assignment -name REMOVE_LOGIC_ON_UNCONNECTED_OUTPUTS ON -entity DE0_Default -section_id Top was ignored
    Warning (20014): Assignment for entity set_global_assignment -name MERGE_EQUIVALENT_INPUTS ON -entity DE0_Default -section_id Top was ignored
    Warning (20014): Assignment for entity set_global_assignment -name MERGE_EQUIVALENT_BIDIRS ON -entity DE0_Default -section_id Top was ignored
    Warning (20014): Assignment for entity set_global_assignment -name ABSORB_PATHS_FROM_OUTPUTS_TO_INPUTS ON -entity DE0_Default -section_id Top was ignored
    Warning (20014): Assignment for entity set_global_assignment -name PARTITION_EXTRACT_HARD_BLOCK_NODES ON -entity DE0_Default -section_id Top was ignored
    Warning (20014): Assignment for entity set_global_assignment -name PARTITION_ENABLE_STRICT_PRESERVATION OFF -entity DE0_Default -section_id Top was ignored
Warning (20013): Ignored assignments for entity "Lab3a_s1" -- entity does not exist in design
    Warning (20014): Assignment for entity set_instance_assignment -name PARTITION_HIERARCHY root_partition -to | -entity Lab3a_s1 -section_id Top was ignored
    Warning (20014): Assignment for entity set_global_assignment -name PARTITION_NETLIST_TYPE SOURCE -entity Lab3a_s1 -section_id Top was ignored
    Warning (20014): Assignment for entity set_global_assignment -name PARTITION_FITTER_PRESERVATION_LEVEL PLACEMENT_AND_ROUTING -entity Lab3a_s1 -section_id Top was ignored
    Warning (20014): Assignment for entity set_global_assignment -name PARTITION_PRESERVE_HIGH_SPEED_TILES ON -entity Lab3a_s1 -section_id Top was ignored
    Warning (20014): Assignment for entity set_global_assignment -name PARTITION_IGNORE_SOURCE_FILE_CHANGES OFF -entity Lab3a_s1 -section_id Top was ignored
    Warning (20014): Assignment for entity set_global_assignment -name PARTITION_ALWAYS_USE_QXP_NETLIST OFF -entity Lab3a_s1 -section_id Top was ignored
    Warning (20014): Assignment for entity set_global_assignment -name PARTITION_COLOR 16764057 -entity Lab3a_s1 -section_id Top was ignored
    Warning (20014): Assignment for entity set_global_assignment -name PARTITION_IMPORT_ASSIGNMENTS ON -entity Lab3a_s1 -section_id Top was ignored
    Warning (20014): Assignment for entity set_global_assignment -name PARTITION_IMPORT_EXISTING_ASSIGNMENTS REPLACE_CONFLICTING -entity Lab3a_s1 -section_id Top was ignored
    Warning (20014): Assignment for entity set_global_assignment -name PARTITION_IMPORT_EXISTING_LOGICLOCK_REGIONS UPDATE_CONFLICTING -entity Lab3a_s1 -section_id Top was ignored
    Warning (20014): Assignment for entity set_global_assignment -name PARTITION_IMPORT_PIN_ASSIGNMENTS ON -entity Lab3a_s1 -section_id Top was ignored
    Warning (20014): Assignment for entity set_global_assignment -name PARTITION_IMPORT_PROMOTE_ASSIGNMENTS ON -entity Lab3a_s1 -section_id Top was ignored
    Warning (20014): Assignment for entity set_global_assignment -name PARTITION_TYPE STANDARD_PARTITION -entity Lab3a_s1 -section_id Top was ignored
    Warning (20014): Assignment for entity set_global_assignment -name ALLOW_MULTIPLE_PERSONAS OFF -entity Lab3a_s1 -section_id Top was ignored
    Warning (20014): Assignment for entity set_global_assignment -name PARTITION_ASD_REGION_ID 1 -entity Lab3a_s1 -section_id Top was ignored
    Warning (20014): Assignment for entity set_global_assignment -name CROSS_BOUNDARY_OPTIMIZATIONS OFF -entity Lab3a_s1 -section_id Top was ignored
    Warning (20014): Assignment for entity set_global_assignment -name PROPAGATE_CONSTANTS_ON_INPUTS ON -entity Lab3a_s1 -section_id Top was ignored
    Warning (20014): Assignment for entity set_global_assignment -name PROPAGATE_INVERSIONS_ON_INPUTS ON -entity Lab3a_s1 -section_id Top was ignored
    Warning (20014): Assignment for entity set_global_assignment -name REMOVE_LOGIC_ON_UNCONNECTED_OUTPUTS ON -entity Lab3a_s1 -section_id Top was ignored
    Warning (20014): Assignment for entity set_global_assignment -name MERGE_EQUIVALENT_INPUTS ON -entity Lab3a_s1 -section_id Top was ignored
    Warning (20014): Assignment for entity set_global_assignment -name MERGE_EQUIVALENT_BIDIRS ON -entity Lab3a_s1 -section_id Top was ignored
    Warning (20014): Assignment for entity set_global_assignment -name ABSORB_PATHS_FROM_OUTPUTS_TO_INPUTS ON -entity Lab3a_s1 -section_id Top was ignored
    Warning (20014): Assignment for entity set_global_assignment -name PARTITION_EXTRACT_HARD_BLOCK_NODES ON -entity Lab3a_s1 -section_id Top was ignored
    Warning (20014): Assignment for entity set_global_assignment -name PARTITION_ENABLE_STRICT_PRESERVATION OFF -entity Lab3a_s1 -section_id Top was ignored
Warning (20013): Ignored assignments for entity "Lab3b" -- entity does not exist in design
    Warning (20014): Assignment for entity set_instance_assignment -name PARTITION_HIERARCHY root_partition -to | -entity Lab3b -section_id Top was ignored
    Warning (20014): Assignment for entity set_global_assignment -name PARTITION_NETLIST_TYPE SOURCE -entity Lab3b -section_id Top was ignored
    Warning (20014): Assignment for entity set_global_assignment -name PARTITION_FITTER_PRESERVATION_LEVEL PLACEMENT_AND_ROUTING -entity Lab3b -section_id Top was ignored
    Warning (20014): Assignment for entity set_global_assignment -name PARTITION_PRESERVE_HIGH_SPEED_TILES ON -entity Lab3b -section_id Top was ignored
    Warning (20014): Assignment for entity set_global_assignment -name PARTITION_IGNORE_SOURCE_FILE_CHANGES OFF -entity Lab3b -section_id Top was ignored
    Warning (20014): Assignment for entity set_global_assignment -name PARTITION_ALWAYS_USE_QXP_NETLIST OFF -entity Lab3b -section_id Top was ignored
    Warning (20014): Assignment for entity set_global_assignment -name PARTITION_COLOR 16764057 -entity Lab3b -section_id Top was ignored
    Warning (20014): Assignment for entity set_global_assignment -name PARTITION_IMPORT_ASSIGNMENTS ON -entity Lab3b -section_id Top was ignored
    Warning (20014): Assignment for entity set_global_assignment -name PARTITION_IMPORT_EXISTING_ASSIGNMENTS REPLACE_CONFLICTING -entity Lab3b -section_id Top was ignored
    Warning (20014): Assignment for entity set_global_assignment -name PARTITION_IMPORT_EXISTING_LOGICLOCK_REGIONS UPDATE_CONFLICTING -entity Lab3b -section_id Top was ignored
    Warning (20014): Assignment for entity set_global_assignment -name PARTITION_IMPORT_PIN_ASSIGNMENTS ON -entity Lab3b -section_id Top was ignored
    Warning (20014): Assignment for entity set_global_assignment -name PARTITION_IMPORT_PROMOTE_ASSIGNMENTS ON -entity Lab3b -section_id Top was ignored
    Warning (20014): Assignment for entity set_global_assignment -name PARTITION_TYPE STANDARD_PARTITION -entity Lab3b -section_id Top was ignored
    Warning (20014): Assignment for entity set_global_assignment -name ALLOW_MULTIPLE_PERSONAS OFF -entity Lab3b -section_id Top was ignored
    Warning (20014): Assignment for entity set_global_assignment -name PARTITION_ASD_REGION_ID 1 -entity Lab3b -section_id Top was ignored
    Warning (20014): Assignment for entity set_global_assignment -name CROSS_BOUNDARY_OPTIMIZATIONS OFF -entity Lab3b -section_id Top was ignored
    Warning (20014): Assignment for entity set_global_assignment -name PROPAGATE_CONSTANTS_ON_INPUTS ON -entity Lab3b -section_id Top was ignored
    Warning (20014): Assignment for entity set_global_assignment -name PROPAGATE_INVERSIONS_ON_INPUTS ON -entity Lab3b -section_id Top was ignored
    Warning (20014): Assignment for entity set_global_assignment -name REMOVE_LOGIC_ON_UNCONNECTED_OUTPUTS ON -entity Lab3b -section_id Top was ignored
    Warning (20014): Assignment for entity set_global_assignment -name MERGE_EQUIVALENT_INPUTS ON -entity Lab3b -section_id Top was ignored
    Warning (20014): Assignment for entity set_global_assignment -name MERGE_EQUIVALENT_BIDIRS ON -entity Lab3b -section_id Top was ignored
    Warning (20014): Assignment for entity set_global_assignment -name ABSORB_PATHS_FROM_OUTPUTS_TO_INPUTS ON -entity Lab3b -section_id Top was ignored
    Warning (20014): Assignment for entity set_global_assignment -name PARTITION_EXTRACT_HARD_BLOCK_NODES ON -entity Lab3b -section_id Top was ignored
    Warning (20014): Assignment for entity set_global_assignment -name PARTITION_ENABLE_STRICT_PRESERVATION OFF -entity Lab3b -section_id Top was ignored
Info (16010): Generating hard_block partition "hard_block:auto_generated_inst"
    Info (16011): Adding 0 node(s), including 0 DDIO, 0 PLL, 0 transceiver and 0 LCELL
Warning (21074): Design contains 1 input pin(s) that do not drive logic
    Warning (15610): No output dependent on input pin "reloj"
Info (21057): Implemented 38 device resources after synthesis - the final resource count might be different
    Info (21058): Implemented 4 input pins
    Info (21059): Implemented 33 output pins
    Info (21061): Implemented 1 logic cells
Info: Quartus II 64-Bit Analysis & Synthesis was successful. 0 errors, 120 warnings
    Info: Peak virtual memory: 4654 megabytes
    Info: Processing ended: Thu Oct 24 16:45:34 2024
    Info: Elapsed time: 00:00:06
    Info: Total CPU time (on all processors): 00:00:04


