Flow report for lavadora
Thu Oct 24 16:51:22 2024
Quartus II 64-Bit Version 13.1.0 Build 162 10/23/2013 SJ Web Edition


---------------------
; Table of Contents ;
---------------------
  1. Legal Notice
  2. Flow Summary
  3. Flow Settings
  4. Flow Non-Default Global Settings
  5. Flow Elapsed Time
  6. Flow OS Summary
  7. Flow Log
  8. Flow Messages
  9. Flow Suppressed Messages



----------------
; Legal Notice ;
----------------
Copyright (C) 1991-2013 Altera Corporation
Your use of Altera Corporation's design tools, logic functions 
and other software and tools, and its AMPP partner logic 
functions, and any output files from any of the foregoing 
(including device programming or simulation files), and any 
associated documentation or information are expressly subject 
to the terms and conditions of the Altera Program License 
Subscription Agreement, Altera MegaCore Function License 
Agreement, or other applicable license agreement, including, 
without limitation, that your use is for the sole purpose of 
programming logic devices manufactured by Altera and sold by 
Altera or its authorized distributors.  Please refer to the 
applicable agreement for further details.



+---------------------------------------------------------------------------------+
; Flow Summary                                                                    ;
+------------------------------------+--------------------------------------------+
; Flow Status                        ; Successful - Thu Oct 24 16:51:22 2024      ;
; Quartus II 64-Bit Version          ; 13.1.0 Build 162 10/23/2013 SJ Web Edition ;
; Revision Name                      ; lavadora                                   ;
; Top-level Entity Name              ; lavadora                                   ;
; Family                             ; Cyclone III                                ;
; Device                             ; EP3C16F484C6                               ;
; Timing Models                      ; Final                                      ;
; Total logic elements               ; 1 / 15,408 ( < 1 % )                       ;
;     Total combinational functions  ; 1 / 15,408 ( < 1 % )                       ;
;     Dedicated logic registers      ; 0 / 15,408 ( 0 % )                         ;
; Total registers                    ; 0                                          ;
; Total pins                         ; 37 / 347 ( 11 % )                          ;
; Total virtual pins                 ; 0                                          ;
; Total memory bits                  ; 0 / 516,096 ( 0 % )                        ;
; Embedded Multiplier 9-bit elements ; 0 / 112 ( 0 % )                            ;
; Total PLLs                         ; 0 / 4 ( 0 % )                              ;
+------------------------------------+--------------------------------------------+


+-----------------------------------------+
; Flow Settings                           ;
+-------------------+---------------------+
; Option            ; Setting             ;
+-------------------+---------------------+
; Start date & time ; 10/24/2024 16:45:29 ;
; Main task         ; Compilation         ;
; Revision Name     ; lavadora            ;
+-------------------+---------------------+


+-----------------------------------------------------------------------------------------------------------------------------------------------------------------+
; Flow Non-Default Global Settings                                                                                                                                ;
+-------------------------------------+----------------------------------------------------------------------------+---------------+-------------+----------------+
; Assignment Name                     ; Value                                                                      ; Default Value ; Entity Name ; Section Id     ;
+-------------------------------------+----------------------------------------------------------------------------+---------------+-------------+----------------+
; COMPILER_SIGNATURE_ID               ; 273406397853995.172980632913840                                            ; --            ; --          ; --             ;
; EDA_GENERATE_FUNCTIONAL_NETLIST     ; On                                                                         ; --            ; --          ; eda_simulation ;
; EDA_NETLIST_WRITER_OUTPUT_DIR       ; C:/Users/alizz/OneDrive/Documentos/VHDL/lavadora/lavadora/simulation/qsim/ ; --            ; --          ; eda_simulation ;
; EDA_OUTPUT_DATA_FORMAT              ; Verilog Hdl                                                                ; --            ; --          ; eda_simulation ;
; EDA_SIMULATION_TOOL                 ; ModelSim-Altera (Verilog)                                                  ; <None>        ; --          ; --             ;
; MAX_CORE_JUNCTION_TEMP              ; 85                                                                         ; --            ; --          ; --             ;
; MIN_CORE_JUNCTION_TEMP              ; 0                                                                          ; --            ; --          ; --             ;
; PARTITION_COLOR                     ; 14622752                                                                   ; --            ; DE0_Default ; Top            ;
; PARTITION_COLOR                     ; 16764057                                                                   ; --            ; Lab3a_s1    ; Top            ;
; PARTITION_COLOR                     ; 16764057                                                                   ; --            ; Lab3b       ; Top            ;
; PARTITION_COLOR                     ; 16764057                                                                   ; --            ; --          ; Top            ;
; PARTITION_FITTER_PRESERVATION_LEVEL ; PLACEMENT_AND_ROUTING                                                      ; --            ; Lab3a_s1    ; Top            ;
; PARTITION_FITTER_PRESERVATION_LEVEL ; PLACEMENT_AND_ROUTING                                                      ; --            ; Lab3b       ; Top            ;
; PARTITION_FITTER_PRESERVATION_LEVEL ; PLACEMENT_AND_ROUTING                                                      ; --            ; --          ; Top            ;
; PARTITION_NETLIST_TYPE              ; SOURCE                                                                     ; --            ; DE0_Default ; Top            ;
; PARTITION_NETLIST_TYPE              ; SOURCE                                                                     ; --            ; Lab3a_s1    ; Top            ;
; PARTITION_NETLIST_TYPE              ; SOURCE                                                                     ; --            ; Lab3b       ; Top            ;
; PARTITION_NETLIST_TYPE              ; SOURCE                                                                     ; --            ; --          ; Top            ;
; PROJECT_OUTPUT_DIRECTORY            ; output_files                                                               ; --            ; --          ; --             ;
+-------------------------------------+----------------------------------------------------------------------------+---------------+-------------+----------------+


+-------------------------------------------------------------------------------------------------------------------------------+
; Flow Elapsed Time                                                                                                             ;
+---------------------------+--------------+-------------------------+---------------------+------------------------------------+
; Module Name               ; Elapsed Time ; Average Processors Used ; Peak Virtual Memory ; Total CPU Time (on all processors) ;
+---------------------------+--------------+-------------------------+---------------------+------------------------------------+
; Analysis & Synthesis      ; 00:00:04     ; 1.0                     ; 4646 MB             ; 00:00:03                           ;
; Fitter                    ; 00:00:12     ; 1.0                     ; 4950 MB             ; 00:00:11                           ;
; Assembler                 ; 00:00:03     ; 1.0                     ; 4564 MB             ; 00:00:02                           ;
; TimeQuest Timing Analyzer ; 00:00:05     ; 1.0                     ; 4597 MB             ; 00:00:03                           ;
; EDA Netlist Writer        ; 00:00:01     ; 1.0                     ; 4522 MB             ; 00:00:01                           ;
; EDA Netlist Writer        ; 00:00:01     ; 1.0                     ; 4534 MB             ; 00:00:01                           ;
; EDA Netlist Writer        ; 00:00:02     ; 1.0                     ; 4534 MB             ; 00:00:01                           ;
; Total                     ; 00:00:28     ; --                      ; --                  ; 00:00:22                           ;
+---------------------------+--------------+-------------------------+---------------------+------------------------------------+


+----------------------------------------------------------------------------------------+
; Flow OS Summary                                                                        ;
+---------------------------+------------------+-----------+------------+----------------+
; Module Name               ; Machine Hostname ; OS Name   ; OS Version ; Processor type ;
+---------------------------+------------------+-----------+------------+----------------+
; Analysis & Synthesis      ; DESKTOP-VFCU922  ; Windows 7 ; 6.2        ; x86_64         ;
; Fitter                    ; DESKTOP-VFCU922  ; Windows 7 ; 6.2        ; x86_64         ;
; Assembler                 ; DESKTOP-VFCU922  ; Windows 7 ; 6.2        ; x86_64         ;
; TimeQuest Timing Analyzer ; DESKTOP-VFCU922  ; Windows 7 ; 6.2        ; x86_64         ;
; EDA Netlist Writer        ; DESKTOP-VFCU922  ; Windows 7 ; 6.2        ; x86_64         ;
; EDA Netlist Writer        ; DESKTOP-VFCU922  ; Windows 7 ; 6.2        ; x86_64         ;
; EDA Netlist Writer        ; DESKTOP-VFCU922  ; Windows 7 ; 6.2        ; x86_64         ;
+---------------------------+------------------+-----------+------------+----------------+


------------
; Flow Log ;
------------
quartus_map --read_settings_files=on --write_settings_files=off lavadora -c lavadora
quartus_fit --read_settings_files=off --write_settings_files=off lavadora -c lavadora
quartus_asm --read_settings_files=off --write_settings_files=off lavadora -c lavadora
quartus_sta lavadora -c lavadora
quartus_eda --read_settings_files=off --write_settings_files=off lavadora -c lavadora
quartus_eda --gen_testbench --check_outputs=on --tool=modelsim_oem --format=verilog lavadora -c lavadora --vector_source=C:/Users/alizz/OneDrive/Documentos/VHDL/ciclo_oper/Waveform2.vwf --testbench_file=C:/Users/alizz/OneDrive/Documentos/VHDL/lavadora/lavadora/simulation/qsim/Waveform2.vwf.vt
quartus_eda --functional=on --flatten_buses=off --simulation=on --tool=modelsim_oem --format=verilog --output_directory=C:/Users/alizz/OneDrive/Documentos/VHDL/lavadora/lavadora/simulation/qsim/ lavadora -c lavadora



